<?xml version="1.0" encoding="UTF-8"?>
<!-- Generated by org.testng.reporters.JUnitXMLReporter -->
<testsuite hostname="DESKTOP-0M1MH5T" ignored="0" name="LinkedinTest" tests="9" failures="0" timestamp="2021-10-07T08:19:54 IST" time="113.845" errors="0">
  <testcase name="doLoginTest" time="19.359" classname="com.qa.linkedin.testcases.LinkedinDataDrivenTest"/>
  <testcase name="doPeopeSearchTest" time="6.247" classname="com.qa.linkedin.testcases.LinkedinDataDrivenTest"/>
  <testcase name="doPeopeSearchTest" time="6.365" classname="com.qa.linkedin.testcases.LinkedinDataDrivenTest"/>
  <testcase name="doPeopeSearchTest" time="5.947" classname="com.qa.linkedin.testcases.LinkedinDataDrivenTest"/>
  <testcase name="doPeopeSearchTest" time="6.393" classname="com.qa.linkedin.testcases.LinkedinDataDrivenTest"/>
  <testcase name="doPeopeSearchTest" time="6.194" classname="com.qa.linkedin.testcases.LinkedinDataDrivenTest"/>
  <testcase name="doPeopeSearchTest" time="6.36" classname="com.qa.linkedin.testcases.LinkedinDataDrivenTest"/>
  <testcase name="doPeopeSearchTest" time="6.188" classname="com.qa.linkedin.testcases.LinkedinDataDrivenTest"/>
  <testcase name="doPeopeSearchTest" time="6.169" classname="com.qa.linkedin.testcases.LinkedinDataDrivenTest"/>
</testsuite> <!-- LinkedinTest -->
